<?xml version="1.0" encoding="UTF-8"?>
<!-- Generated by org.testng.reporters.JUnitXMLReporter -->
<testsuite ignored="0" hostname="ashish" failures="0" tests="4" name="Surefire test" time="11.053" errors="0" timestamp="2025-02-05T18:58:53 IST">
  <testcase classname="api.testcases.UserTest" name="testCreateUser" time="4.39"/>
  <testcase classname="api.testcases.UserTest" name="testGetUserData" time="1.647"/>
  <testcase classname="api.testcases.UserTest" name="testUpdateUser" time="3.07"/>
  <testcase classname="api.testcases.UserTest" name="testDeleteUser" time="1.506"/>
</testsuite> <!-- Surefire test -->
