<?xml version="1.0" encoding="UTF-8"?>
<!-- Generated by org.testng.reporters.JUnitXMLReporter -->
<testsuite ignored="0" hostname="ashish" failures="0" tests="12" name="Default test" time="19.145" errors="0" timestamp="2025-02-05T17:58:01 IST">
  <testcase classname="api.testcases.UserTestwithLogs" name="testCreateUser" time="2.86"/>
  <testcase classname="api.testcases.UserTestwithLogs" name="testCreateUser" time="1.345"/>
  <testcase classname="api.testcases.UserTestwithLogs" name="testCreateUser" time="1.235"/>
  <testcase classname="api.testcases.UserTestwithLogs" name="testGetUserData" time="1.236"/>
  <testcase classname="api.testcases.UserTestwithLogs" name="testGetUserData" time="1.271"/>
  <testcase classname="api.testcases.UserTestwithLogs" name="testGetUserData" time="1.292"/>
  <testcase classname="api.testcases.UserTestwithLogs" name="testDeleteUser" time="1.269"/>
  <testcase classname="api.testcases.UserTestwithLogs" name="testDeleteUser" time="1.259"/>
  <testcase classname="api.testcases.UserTestwithLogs" name="testDeleteUser" time="1.233"/>
  <testcase classname="api.testcases.UserTestwithLogs" name="testUpdateUser" time="1.228"/>
  <testcase classname="api.testcases.UserTestwithLogs" name="testUpdateUser" time="1.34"/>
  <testcase classname="api.testcases.UserTestwithLogs" name="testUpdateUser" time="2.25"/>
</testsuite> <!-- Default test -->
