<?xml version="1.0" encoding="UTF-8"?>
<testng-results ignored="0" total="4" passed="4" failed="0" skipped="0">
  <reporter-output>
  </reporter-output>
  <suite started-at="2025-02-05T18:58:42 IST" name="Surefire suite" finished-at="2025-02-05T18:58:53 IST" duration-ms="11053">
    <groups>
    </groups>
    <test started-at="2025-02-05T18:58:42 IST" name="Surefire test" finished-at="2025-02-05T18:58:53 IST" duration-ms="11053">
      <class name="api.testcases.UserTest">
        <test-method is-config="true" signature="generateTestData()[pri:0, instance:api.testcases.UserTest@74bf1791]" started-at="2025-02-05T18:58:42 IST" name="generateTestData" finished-at="2025-02-05T18:58:42 IST" duration-ms="282" status="PASS">
          <reporter-output>
          </reporter-output>
        </test-method> <!-- generateTestData -->
        <test-method signature="testCreateUser()[pri:1, instance:api.testcases.UserTest@74bf1791]" started-at="2025-02-05T18:58:42 IST" name="testCreateUser" finished-at="2025-02-05T18:58:47 IST" duration-ms="4390" status="PASS">
          <reporter-output>
          </reporter-output>
        </test-method> <!-- testCreateUser -->
        <test-method signature="testGetUserData()[pri:2, instance:api.testcases.UserTest@74bf1791]" started-at="2025-02-05T18:58:47 IST" name="testGetUserData" finished-at="2025-02-05T18:58:49 IST" duration-ms="1647" status="PASS">
          <reporter-output>
          </reporter-output>
        </test-method> <!-- testGetUserData -->
        <test-method signature="testUpdateUser()[pri:3, instance:api.testcases.UserTest@74bf1791]" started-at="2025-02-05T18:58:49 IST" name="testUpdateUser" finished-at="2025-02-05T18:58:52 IST" duration-ms="3070" status="PASS">
          <reporter-output>
          </reporter-output>
        </test-method> <!-- testUpdateUser -->
        <test-method signature="testDeleteUser()[pri:4, instance:api.testcases.UserTest@74bf1791]" started-at="2025-02-05T18:58:52 IST" name="testDeleteUser" finished-at="2025-02-05T18:58:53 IST" duration-ms="1506" status="PASS">
          <reporter-output>
          </reporter-output>
        </test-method> <!-- testDeleteUser -->
      </class> <!-- api.testcases.UserTest -->
    </test> <!-- Surefire test -->
  </suite> <!-- Surefire suite -->
</testng-results>
